  Button.cpp
D:\Folders\dev\C++\Physics\Physics\Button.cpp(20,54): warning C4244: '=' : conversion de 'T' en 'T', perte possible de données
          with
          [
              T=unsigned int
          ]
          and
          [
              T=float
          ]
D:\Folders\dev\C++\Physics\Physics\Button.cpp(21,55): warning C4244: '=' : conversion de 'T' en 'T', perte possible de données
          with
          [
              T=unsigned int
          ]
          and
          [
              T=float
          ]
  Physics.vcxproj -> D:\Folders\dev\C++\Physics\Debug\Physics.exe
